c:\users\ying\desktop\token存储\debug\vc141.pdb
c:\users\ying\desktop\token存储\debug\vc141.idb
c:\users\ying\desktop\token存储\debug\do_in.obj
c:\users\ying\desktop\token存储\debug\do_int.obj
c:\users\ying\desktop\token存储\debug\get_token_name.obj
c:\users\ying\desktop\token存储\debug\token.obj
c:\users\ying\desktop\token存储\debug\主函数.obj
c:\users\ying\desktop\token存储\debug\小学期软工社会实践项目.ilk
c:\users\ying\desktop\token存储\debug\小学期软工社会实践项目.exe
c:\users\ying\desktop\token存储\debug\小学期软工社会实践项目.pdb
i:\小学期软件实践\新一\debug\do_in.obj
i:\小学期软件实践\新一\debug\do_int.obj
i:\小学期软件实践\新一\debug\get_token_name.obj
i:\小学期软件实践\新一\debug\token.obj
i:\小学期软件实践\新一\debug\主函数.obj
i:\小学期软件实践\新一\debug\小学期软工社会实践项目.ilk
i:\小学期软件实践\新一\debug\vc141.idb
i:\小学期软件实践\新一\debug\vc141.pdb
i:\小学期软件实践\新一\debug\小学期软工社会实践项目.pdb
i:\小学期软件实践\新一\debug\小学期软工社会实践项目.exe
i:\小学期软件实践\新一\debug\小学期软工社会实践项目.tlog\cl.command.1.tlog
i:\小学期软件实践\新一\debug\小学期软工社会实践项目.tlog\cl.read.1.tlog
i:\小学期软件实践\新一\debug\小学期软工社会实践项目.tlog\cl.write.1.tlog
i:\小学期软件实践\新一\debug\小学期软工社会实践项目.tlog\link.command.1.tlog
i:\小学期软件实践\新一\debug\小学期软工社会实践项目.tlog\link.read.1.tlog
i:\小学期软件实践\新一\debug\小学期软工社会实践项目.tlog\link.write.1.tlog
